# JRE version: OpenJDK Runtime Environment (8.0_152-b06) (build 1.8.0_152-release-1136-b06)
# Java VM: OpenJDK 64-Bit Server VM (25.152-b06 mixed mode windows-amd64 compressed oops)
Heap:
 PSYoungGen      total 139776K, used 33900K [0x00000000e0000000, 0x00000000eb900000, 0x0000000100000000)
  eden space 121344K, 27% used [0x00000000e0000000,0x00000000e211b098,0x00000000e7680000)
  from space 18432K, 0% used [0x00000000ea700000,0x00000000ea700000,0x00000000eb900000)
  to   space 17408K, 0% used [0x00000000e7680000,0x00000000e7680000,0x00000000e8780000)
 ParOldGen       total 94720K, used 46498K [0x00000000a0000000, 0x00000000a5c80000, 0x00000000e0000000)
  object space 94720K, 49% used [0x00000000a0000000,0x00000000a2d688a0,0x00000000a5c80000)
 Metaspace       used 58615K, capacity 60568K, committed 60820K, reserved 1101824K
  class space    used 8007K, capacity 8519K, committed 8636K, reserved 1048576K
GC Heap History (10 events):
Event: 16.934 GC heap before
{Heap before GC invocations=13 (full 2):
 PSYoungGen      total 107008K, used 106771K [0x00000000e0000000, 0x00000000e7900000, 0x0000000100000000)
  eden space 99328K, 100% used [0x00000000e0000000,0x00000000e6100000,0x00000000e6100000)
  from space 7680K, 96% used [0x00000000e7180000,0x00000000e78c4f58,0x00000000e7900000)
  to   space 10752K, 0% used [0x00000000e6400000,0x00000000e6400000,0x00000000e6e80000)
 ParOldGen       total 94720K, used 16861K [0x00000000a0000000, 0x00000000a5c80000, 0x00000000e0000000)
  object space 94720K, 17% used [0x00000000a0000000,0x00000000a10774c0,0x00000000a5c80000)
 Metaspace       used 46448K, capacity 47480K, committed 47576K, reserved 1089536K
  class space    used 6313K, capacity 6635K, committed 6656K, reserved 1048576K
Event: 16.957 GC heap after
Heap after GC invocations=13 (full 2):
 PSYoungGen      total 113152K, used 10741K [0x00000000e0000000, 0x00000000e9480000, 0x0000000100000000)
  eden space 102400K, 0% used [0x00000000e0000000,0x00000000e0000000,0x00000000e6400000)
  from space 10752K, 99% used [0x00000000e6400000,0x00000000e6e7d5d8,0x00000000e6e80000)
  to   space 13312K, 0% used [0x00000000e8780000,0x00000000e8780000,0x00000000e9480000)
 ParOldGen       total 94720K, used 20656K [0x00000000a0000000, 0x00000000a5c80000, 0x00000000e0000000)
  object space 94720K, 21% used [0x00000000a0000000,0x00000000a142c050,0x00000000a5c80000)
 Metaspace       used 46448K, capacity 47480K, committed 47576K, reserved 1089536K
  class space    used 6313K, capacity 6635K, committed 6656K, reserved 1048576K
}
Event: 20.040 GC heap before
{Heap before GC invocations=14 (full 2):
 PSYoungGen      total 113152K, used 113141K [0x00000000e0000000, 0x00000000e9480000, 0x0000000100000000)
  eden space 102400K, 100% used [0x00000000e0000000,0x00000000e6400000,0x00000000e6400000)
  from space 10752K, 99% used [0x00000000e6400000,0x00000000e6e7d5d8,0x00000000e6e80000)
  to   space 13312K, 0% used [0x00000000e8780000,0x00000000e8780000,0x00000000e9480000)
 ParOldGen       total 94720K, used 20656K [0x00000000a0000000, 0x00000000a5c80000, 0x00000000e0000000)
  object space 94720K, 21% used [0x00000000a0000000,0x00000000a142c050,0x00000000a5c80000)
 Metaspace       used 51958K, capacity 53712K, committed 53848K, reserved 1095680K
  class space    used 7101K, capacity 7540K, committed 7552K, reserved 1048576K
Event: 20.072 GC heap after
Heap after GC invocations=14 (full 2):
 PSYoungGen      total 134656K, used 13298K [0x00000000e0000000, 0x00000000e9f80000, 0x0000000100000000)
  eden space 121344K, 0% used [0x00000000e0000000,0x00000000e0000000,0x00000000e7680000)
  from space 13312K, 99% used [0x00000000e8780000,0x00000000e947cb10,0x00000000e9480000)
  to   space 17408K, 0% used [0x00000000e7680000,0x00000000e7680000,0x00000000e8780000)
 ParOldGen       total 94720K, used 27159K [0x00000000a0000000, 0x00000000a5c80000, 0x00000000e0000000)
  object space 94720K, 28% used [0x00000000a0000000,0x00000000a1a85cf0,0x00000000a5c80000)
 Metaspace       used 51958K, capacity 53712K, committed 53848K, reserved 1095680K
  class space    used 7101K, capacity 7540K, committed 7552K, reserved 1048576K
}
Event: 24.140 GC heap before
{Heap before GC invocations=15 (full 2):
 PSYoungGen      total 134656K, used 134642K [0x00000000e0000000, 0x00000000e9f80000, 0x0000000100000000)
  eden space 121344K, 100% used [0x00000000e0000000,0x00000000e7680000,0x00000000e7680000)
  from space 13312K, 99% used [0x00000000e8780000,0x00000000e947cb10,0x00000000e9480000)
  to   space 17408K, 0% used [0x00000000e7680000,0x00000000e7680000,0x00000000e8780000)
 ParOldGen       total 94720K, used 27159K [0x00000000a0000000, 0x00000000a5c80000, 0x00000000e0000000)
  object space 94720K, 28% used [0x00000000a0000000,0x00000000a1a85cf0,0x00000000a5c80000)
 Metaspace       used 55844K, capacity 57820K, committed 58072K, reserved 1099776K
  class space    used 7671K, capacity 8187K, committed 8192K, reserved 1048576K
Event: 24.182 GC heap after
Heap after GC invocations=15 (full 2):
 PSYoungGen      total 138752K, used 14795K [0x00000000e0000000, 0x00000000eb900000, 0x0000000100000000)
  eden space 121344K, 0% used [0x00000000e0000000,0x00000000e0000000,0x00000000e7680000)
  from space 17408K, 84% used [0x00000000e7680000,0x00000000e84f2c30,0x00000000e8780000)
  to   space 18432K, 0% used [0x00000000ea700000,0x00000000ea700000,0x00000000eb900000)
 ParOldGen       total 94720K, used 38083K [0x00000000a0000000, 0x00000000a5c80000, 0x00000000e0000000)
  object space 94720K, 40% used [0x00000000a0000000,0x00000000a2530ee8,0x00000000a5c80000)
 Metaspace       used 55844K, capacity 57820K, committed 58072K, reserved 1099776K
  class space    used 7671K, capacity 8187K, committed 8192K, reserved 1048576K
}
Event: 26.966 GC heap before
{Heap before GC invocations=16 (full 2):
 PSYoungGen      total 138752K, used 65249K [0x00000000e0000000, 0x00000000eb900000, 0x0000000100000000)
  eden space 121344K, 41% used [0x00000000e0000000,0x00000000e3145a08,0x00000000e7680000)
  from space 17408K, 84% used [0x00000000e7680000,0x00000000e84f2c30,0x00000000e8780000)
  to   space 18432K, 0% used [0x00000000ea700000,0x00000000ea700000,0x00000000eb900000)
 ParOldGen       total 94720K, used 38083K [0x00000000a0000000, 0x00000000a5c80000, 0x00000000e0000000)
  object space 94720K, 40% used [0x00000000a0000000,0x00000000a2530ee8,0x00000000a5c80000)
 Metaspace       used 56991K, capacity 58952K, committed 59028K, reserved 1099776K
  class space    used 7806K, capacity 8325K, committed 8380K, reserved 1048576K
Event: 26.997 GC heap after
Heap after GC invocations=16 (full 2):
 PSYoungGen      total 139776K, used 16673K [0x00000000e0000000, 0x00000000eb900000, 0x0000000100000000)
  eden space 121344K, 0% used [0x00000000e0000000,0x00000000e0000000,0x00000000e7680000)
  from space 18432K, 90% used [0x00000000ea700000,0x00000000eb7484d0,0x00000000eb900000)
  to   space 17408K, 0% used [0x00000000e7680000,0x00000000e7680000,0x00000000e8780000)
 ParOldGen       total 94720K, used 38091K [0x00000000a0000000, 0x00000000a5c80000, 0x00000000e0000000)
  object space 94720K, 40% used [0x00000000a0000000,0x00000000a2532ee8,0x00000000a5c80000)
 Metaspace       used 56991K, capacity 58952K, committed 59028K, reserved 1099776K
  class space    used 7806K, capacity 8325K, committed 8380K, reserved 1048576K
}
Event: 26.997 GC heap before
{Heap before GC invocations=17 (full 3):
 PSYoungGen      total 139776K, used 16673K [0x00000000e0000000, 0x00000000eb900000, 0x0000000100000000)
  eden space 121344K, 0% used [0x00000000e0000000,0x00000000e0000000,0x00000000e7680000)
  from space 18432K, 90% used [0x00000000ea700000,0x00000000eb7484d0,0x00000000eb900000)
  to   space 17408K, 0% used [0x00000000e7680000,0x00000000e7680000,0x00000000e8780000)
 ParOldGen       total 94720K, used 38091K [0x00000000a0000000, 0x00000000a5c80000, 0x00000000e0000000)
  object space 94720K, 40% used [0x00000000a0000000,0x00000000a2532ee8,0x00000000a5c80000)
 Metaspace       used 56991K, capacity 58952K, committed 59028K, reserved 1099776K
  class space    used 7806K, capacity 8325K, committed 8380K, reserved 1048576K
Event: 27.634 GC heap after
Heap after GC invocations=17 (full 3):
 PSYoungGen      total 139776K, used 0K [0x00000000e0000000, 0x00000000eb900000, 0x0000000100000000)
  eden space 121344K, 0% used [0x00000000e0000000,0x00000000e0000000,0x00000000e7680000)
  from space 18432K, 0% used [0x00000000ea700000,0x00000000ea700000,0x00000000eb900000)
  to   space 17408K, 0% used [0x00000000e7680000,0x00000000e7680000,0x00000000e8780000)
 ParOldGen       total 94720K, used 46498K [0x00000000a0000000, 0x00000000a5c80000, 0x00000000e0000000)
  object space 94720K, 49% used [0x00000000a0000000,0x00000000a2d688a0,0x00000000a5c80000)
 Metaspace       used 56991K, capacity 58952K, committed 59028K, reserved 1099776K
  class space    used 7806K, capacity 8325K, committed 8380K, reserved 1048576K
}

